{"level":"info","ts":1673433281.5394876,"caller":"middleware/wrapHandlerWithLoggingMiddleware.go:12","msg":"Response Status","method":"POST","path":"/"}
{"level":"info","ts":1673433414.8447983,"caller":"middleware/wrapHandlerWithLoggingMiddleware.go:12","msg":"Response Status","method":"POST","path":"/sign_in"}
{"level":"info","ts":1673443611.4153666,"caller":"middleware/wrapHandlerWithLoggingMiddleware.go:12","msg":"Response Status","method":"POST","path":"/sign_in"}
{"level":"info","ts":1673443672.3744671,"caller":"middleware/wrapHandlerWithLoggingMiddleware.go:12","msg":"Response Status","method":"POST","path":"/sign_in"}
{"level":"info","ts":1673444254.6780372,"caller":"middleware/wrapHandlerWithLoggingMiddleware.go:26","msg":"Request start","method":"POST","path":"/sign_in"}
{"level":"info","ts":1673444254.6815457,"caller":"middleware/wrapHandlerWithLoggingMiddleware.go:34","msg":"Response","status":404}
{"level":"info","ts":1673444329.99556,"caller":"middleware/wrapHandlerWithLoggingMiddleware.go:26","msg":"Request start","method":"POST","path":"/sign_in"}
{"level":"info","ts":1673444329.9967146,"caller":"middleware/wrapHandlerWithLoggingMiddleware.go:34","msg":"Response","status":200}
{"level":"info","ts":1673444365.0272276,"caller":"middleware/wrapHandlerWithLoggingMiddleware.go:26","msg":"Request start","method":"POST","path":"/sign_in"}
{
  "level":"info",
  "ts":1673444365.028404,
  "caller":"middleware/wrapHandlerWithLoggingMiddleware.go:34",
  "msg":"Response",
  "status":404
}
{"level":"info","ts":1673444546.554042,"caller":"middleware/wrapHandlerWithLoggingMiddleware.go:26","msg":"Request start","method":"POST","path":"/sign_in","Parameters":{}}
{"level":"info","ts":1673444546.5555956,"caller":"middleware/wrapHandlerWithLoggingMiddleware.go:35","msg":"Response","status":404}
{"level":"info","ts":1673445199.7067258,"caller":"middleware/wrapHandlerWithLoggingMiddleware.go:29","msg":"Request start","method":"POST","path":"/sign_in","Parameters":"ewogICAgInVzZXJuYW1lIjogIm5vem9taSIsCiAgICAicGFzc3dvcmQiOiAicGFzc3dvcmQwMTIzIgp9"}
{"level":"info","ts":1673445199.7075891,"caller":"middleware/wrapHandlerWithLoggingMiddleware.go:38","msg":"Response","status":400}
{"level":"info","ts":1673445214.4706252,"caller":"middleware/wrapHandlerWithLoggingMiddleware.go:29","msg":"Request start","method":"POST","path":"/sign_in","Parameters":"{\n    \"username\": \"nozomi\",\n    \"password\": \"password0123\"\n}"}
{"level":"info","ts":1673445214.4718328,"caller":"middleware/wrapHandlerWithLoggingMiddleware.go:38","msg":"Response","status":400}
2023-01-11T13:59:16.239Z	INFO	middleware/wrapHandlerWithLoggingMiddleware.go:30	Request start	{"method": "POST", "path": "/sign_in", "Parameters": "{\n    \"username\": \"nozomi\",\n    \"password\": \"password0123\"\n}"}
2023-01-11T13:59:16.239Z	INFO	middleware/wrapHandlerWithLoggingMiddleware.go:39	Response	{"status": 400}
2023-01-11T14:00:02.107Z	INFO	middleware/wrapHandlerWithLoggingMiddleware.go:30	Started	{"method": "POST", "path": "/sign_in", "Parameters": "{\n    \"username\": \"nozomi\",\n    \"password\": \"password0123\"\n}"}
2023-01-11T14:00:02.107Z	INFO	middleware/wrapHandlerWithLoggingMiddleware.go:39	Completed	{"status": 400}
2023-01-11T14:01:07.758Z	INFO	middleware/wrapHandlerWithLoggingMiddleware.go:30	Started	{"method": "POST", "path": "/sign_in", "Parameters": "{\n    \"username\": \"nozomi\",\n    \"password\": \"password0123\"\n}"}
2023-01-11T14:01:07.758Z	INFO	middleware/wrapHandlerWithLoggingMiddleware.go:39	Completed	{"status": 400}
2023-01-11T14:01:45.134Z	INFO	Started	{"method": "POST", "path": "/sign_in", "Parameters": "{\n    \"username\": \"nozomi\",\n    \"password\": \"password0123\"\n}"}
2023-01-11T14:01:45.134Z	INFO	Completed	{"status": 400}
